<?xml version="1.0"?>
<coverage generated="1524553520">
  <project timestamp="1524553520">
    <file name="Program.cs">
      <line type="stmt" num="16" count="0"/>
      <line type="stmt" num="17" count="0"/>
      <line type="stmt" num="18" count="0"/>
      <line type="stmt" num="21" count="0"/>
      <line type="stmt" num="22" count="0"/>
      <line type="stmt" num="23" count="0"/>
      <metrics ncloc="12" coveredelements="0" elements="12"/>
    </file>
    <file name="Startup.cs">
      <line type="stmt" num="14" count="0"/>
      <line type="stmt" num="15" count="0"/>
      <line type="stmt" num="16" count="0"/>
      <line type="stmt" num="17" count="0"/>
      <line type="stmt" num="19" count="0"/>
      <line type="stmt" num="23" count="0"/>
      <line type="stmt" num="24" count="0"/>
      <line type="stmt" num="25" count="0"/>
      <line type="stmt" num="29" count="0"/>
      <line type="stmt" num="30" count="0"/>
      <line type="stmt" num="31" count="0"/>
      <line type="stmt" num="32" count="0"/>
      <line type="stmt" num="33" count="0"/>
      <line type="stmt" num="35" count="0"/>
      <line type="stmt" num="36" count="0"/>
      <line type="stmt" num="37" count="0"/>
      <line type="stmt" num="39" count="0"/>
      <line type="stmt" num="41" count="0"/>
      <line type="stmt" num="42" count="0"/>
      <line type="stmt" num="43" count="0"/>
      <line type="stmt" num="44" count="0"/>
      <line type="stmt" num="45" count="0"/>
      <line type="stmt" num="46" count="0"/>
      <line type="stmt" num="47" count="0"/>
      <metrics ncloc="48" coveredelements="0" elements="48"/>
    </file>
    <file name="Models/ErrorViewModel.cs">
      <line type="stmt" num="7" count="0"/>
      <line type="stmt" num="9" count="0"/>
      <metrics ncloc="4" coveredelements="0" elements="4"/>
    </file>
    <file name="Controllers/HomeController.cs">
      <line type="stmt" num="14" count="1"/>
      <line type="stmt" num="15" count="1"/>
      <line type="stmt" num="16" count="1"/>
      <line type="stmt" num="19" count="0"/>
      <line type="stmt" num="20" count="0"/>
      <line type="stmt" num="22" count="0"/>
      <line type="stmt" num="23" count="0"/>
      <line type="stmt" num="26" count="0"/>
      <line type="stmt" num="27" count="0"/>
      <line type="stmt" num="29" count="0"/>
      <line type="stmt" num="30" count="0"/>
      <line type="stmt" num="33" count="0"/>
      <line type="stmt" num="34" count="0"/>
      <line type="stmt" num="35" count="0"/>
      <metrics ncloc="28" coveredelements="6" elements="28"/>
    </file>
    <metrics ncloc="92" coveredelements="6" elements="92"/>
  </project>
</coverage>